2024-10-23T12:33:01.923429+0200 INFO Chamando função 'pipeline_calculate_sales_kpi_consolidated' com args ('01-bootcamp-python/mod09/data', ['csv', 'parquet']) e kwargs {} utils_log.py
2024-10-23T12:33:01.923501+0200 INFO Chamando função 'extract_data' com args ('01-bootcamp-python/mod09/data',) e kwargs {} utils_log.py
2024-10-23T12:33:01.930894+0200 INFO Função 'extract_data' retornou             Produto    Categoria  Quantidade  Venda        Data
0    Notebook Gamer  Eletrônicos           3   1500  2023-01-15
1     Mouse Sem Fio  Eletrônicos          10     30  2023-01-15
2  Teclado Mecânico  Eletrônicos           5    100  2023-01-15 utils_log.py
2024-10-23T12:33:01.932004+0200 INFO Chamando função 'transform_data' com args (            Produto    Categoria  Quantidade  Venda        Data
0    Notebook Gamer  Eletrônicos           3   1500  2023-01-15
1     Mouse Sem Fio  Eletrônicos          10     30  2023-01-15
2  Teclado Mecânico  Eletrônicos           5    100  2023-01-15,) e kwargs {} utils_log.py
2024-10-23T12:33:01.933492+0200 INFO Função 'transform_data' retornou             Produto    Categoria  Quantidade  Venda        Data  Total
0    Notebook Gamer  Eletrônicos           3   1500  2023-01-15   4500
1     Mouse Sem Fio  Eletrônicos          10     30  2023-01-15    300
2  Teclado Mecânico  Eletrônicos           5    100  2023-01-15    500 utils_log.py
2024-10-23T12:33:01.934667+0200 INFO Chamando função 'load_data' com args (            Produto    Categoria  Quantidade  Venda        Data  Total
0    Notebook Gamer  Eletrônicos           3   1500  2023-01-15   4500
1     Mouse Sem Fio  Eletrônicos          10     30  2023-01-15    300
2  Teclado Mecânico  Eletrônicos           5    100  2023-01-15    500, ['csv', 'parquet']) e kwargs {} utils_log.py
2024-10-23T12:33:01.968776+0200 INFO Função 'load_data' retornou None utils_log.py
2024-10-23T12:33:01.968861+0200 INFO Função 'pipeline_calculate_sales_kpi_consolidated' retornou None utils_log.py
